<?xml version="1.0" encoding="UTF-8"?>
<testsuite xmlns:xsi="http://www.w3.org/2001/XMLSchema-instance" xsi:noNamespaceSchemaLocation="https://maven.apache.org/surefire/maven-surefire-plugin/xsd/surefire-test-report-3.0.xsd" version="3.0" name="com.automationpractice.runners.CucumberTestRunner" time="24.652" tests="1" errors="0" skipped="0" failures="0">
  <properties>
[...]
</properties>
  <testcase name="Verify successful sign in with valid credentials" classname="Sign In" time="23.759">
    <system-out><![CDATA[
Scenario: Verify successful sign in with valid credentials # src/test/resources/features/signin.feature:3
  Given user is in homepage                                # com.automationpractice.stepdefinitions.HomePageSteps.user_is_in_homepage()
  And user clicks on sign in menu                          # com.automationpractice.stepdefinitions.HomePageSteps.user_clicks_on_sign_in_menu()
  Then the sign in page should be displayed                # com.automationpractice.stepdefinitions.SignInPageSteps.the_sign_in_page_should_be_displayed()
  When the user enters valid username and password         # com.automationpractice.stepdefinitions.SignInPageSteps.the_user_enters_valid_username_and_password()
  And clicks the sign in button                            # com.automationpractice.stepdefinitions.SignInPageSteps.clicks_the_sign_in_button()
  Then the user should be redirected to the homepage       # com.automationpractice.stepdefinitions.SignInPageSteps.the_user_should_be_redirected_to_the_homepage()
]]></system-out>
    <system-err><![CDATA[Page title: CREATE AN ACCOUNT
Actual username: Abilash DJ
]]></system-err>
  </testcase>
</testsuite>